{"/home/travis/build/npmtest/node-npmtest-node-tweet-stream/test.js":{"path":"/home/travis/build/npmtest/node-npmtest-node-tweet-stream/test.js","s":{"1":2,"2":2,"3":2,"4":2,"5":2,"6":2,"7":2,"8":1,"9":2,"10":2,"11":1,"12":1,"13":1,"14":1,"15":2,"16":2,"17":2,"18":2,"19":1,"20":1,"21":2,"22":2,"23":2,"24":1,"25":1,"26":1,"27":1,"28":1,"29":1,"30":1,"31":1,"32":1,"33":1,"34":1,"35":1,"36":1,"37":1,"38":1,"39":2,"40":2,"41":1,"42":2,"43":2,"44":1,"45":2,"46":2,"47":1,"48":2,"49":2,"50":1,"51":1,"52":1,"53":1,"54":1},"b":{"1":[2,1,1,1],"2":[1,1,1,1],"3":[1,1],"4":[1,1],"5":[1,1],"6":[1,1],"7":[1,1],"8":[1,1],"9":[1,1],"10":[1,1,1],"11":[1,1],"12":[1,1],"13":[1,1],"14":[1,1],"15":[1,1],"16":[1,1],"17":[1,1]},"f":{"1":2,"2":2,"3":2,"4":2,"5":2,"6":1,"7":1,"8":1,"9":2,"10":2,"11":2,"12":2,"13":1},"fnMap":{"1":{"name":"(anonymous_1)","line":12,"loc":{"start":{"line":12,"column":1},"end":{"line":12,"column":13}}},"2":{"name":"(anonymous_2)","line":19,"loc":{"start":{"line":19,"column":5},"end":{"line":19,"column":17}}},"3":{"name":"(anonymous_3)","line":23,"loc":{"start":{"line":23,"column":24},"end":{"line":23,"column":36}}},"4":{"name":"(anonymous_4)","line":61,"loc":{"start":{"line":61,"column":5},"end":{"line":61,"column":17}}},"5":{"name":"(anonymous_5)","line":82,"loc":{"start":{"line":82,"column":5},"end":{"line":82,"column":17}}},"6":{"name":"(anonymous_6)","line":91,"loc":{"start":{"line":91,"column":77},"end":{"line":94,"column":10}}},"7":{"name":"(anonymous_7)","line":112,"loc":{"start":{"line":112,"column":83},"end":{"line":115,"column":10}},"skip":true},"8":{"name":"(anonymous_8)","line":123,"loc":{"start":{"line":123,"column":77},"end":{"line":126,"column":10}},"skip":true},"9":{"name":"(anonymous_9)","line":139,"loc":{"start":{"line":139,"column":12},"end":{"line":139,"column":40}},"skip":true},"10":{"name":"(anonymous_10)","line":147,"loc":{"start":{"line":147,"column":77},"end":{"line":150,"column":10}},"skip":true},"11":{"name":"(anonymous_11)","line":158,"loc":{"start":{"line":158,"column":83},"end":{"line":161,"column":10}},"skip":true},"12":{"name":"(anonymous_12)","line":169,"loc":{"start":{"line":169,"column":79},"end":{"line":172,"column":10}},"skip":true},"13":{"name":"(anonymous_13)","line":180,"loc":{"start":{"line":180,"column":75},"end":{"line":183,"column":10}},"skip":true}},"statementMap":{"1":{"start":{"line":12,"column":0},"end":{"line":195,"column":5}},"2":{"start":{"line":14,"column":4},"end":{"line":14,"column":14}},"3":{"start":{"line":19,"column":4},"end":{"line":56,"column":9}},"4":{"start":{"line":21,"column":8},"end":{"line":21,"column":19}},"5":{"start":{"line":23,"column":8},"end":{"line":35,"column":13}},"6":{"start":{"line":24,"column":12},"end":{"line":34,"column":13}},"7":{"start":{"line":25,"column":16},"end":{"line":28,"column":30}},"8":{"start":{"line":30,"column":16},"end":{"line":33,"column":27}},"9":{"start":{"line":37,"column":8},"end":{"line":39,"column":21}},"10":{"start":{"line":40,"column":8},"end":{"line":53,"column":9}},"11":{"start":{"line":43,"column":12},"end":{"line":46,"column":14}},"12":{"start":{"line":47,"column":12},"end":{"line":47,"column":18}},"13":{"start":{"line":50,"column":12},"end":{"line":51,"column":33}},"14":{"start":{"line":52,"column":12},"end":{"line":52,"column":18}},"15":{"start":{"line":55,"column":8},"end":{"line":55,"column":35}},"16":{"start":{"line":61,"column":4},"end":{"line":63,"column":9}},"17":{"start":{"line":62,"column":8},"end":{"line":62,"column":15}},"18":{"start":{"line":64,"column":4},"end":{"line":77,"column":5}},"19":{"start":{"line":70,"column":8},"end":{"line":70,"column":14}},"20":{"start":{"line":76,"column":8},"end":{"line":76,"column":14}},"21":{"start":{"line":82,"column":4},"end":{"line":84,"column":9}},"22":{"start":{"line":83,"column":8},"end":{"line":83,"column":15}},"23":{"start":{"line":85,"column":4},"end":{"line":194,"column":5}},"24":{"start":{"line":91,"column":8},"end":{"line":99,"column":10}},"25":{"start":{"line":98,"column":12},"end":{"line":98,"column":35}},"26":{"start":{"line":102,"column":8},"end":{"line":104,"column":63}},"27":{"start":{"line":105,"column":8},"end":{"line":105,"column":14}},"28":{"start":{"line":112,"column":8},"end":{"line":121,"column":10},"skip":true},"29":{"start":{"line":119,"column":12},"end":{"line":119,"column":55},"skip":true},"30":{"start":{"line":120,"column":12},"end":{"line":120,"column":48},"skip":true},"31":{"start":{"line":123,"column":8},"end":{"line":136,"column":10},"skip":true},"32":{"start":{"line":130,"column":12},"end":{"line":130,"column":76},"skip":true},"33":{"start":{"line":131,"column":12},"end":{"line":131,"column":73},"skip":true},"34":{"start":{"line":132,"column":12},"end":{"line":132,"column":74},"skip":true},"35":{"start":{"line":133,"column":12},"end":{"line":133,"column":79},"skip":true},"36":{"start":{"line":134,"column":12},"end":{"line":134,"column":25},"skip":true},"37":{"start":{"line":135,"column":12},"end":{"line":135,"column":45},"skip":true},"38":{"start":{"line":138,"column":8},"end":{"line":145,"column":14},"skip":true},"39":{"start":{"line":143,"column":16},"end":{"line":143,"column":29},"skip":true},"40":{"start":{"line":144,"column":16},"end":{"line":144,"column":55},"skip":true},"41":{"start":{"line":147,"column":8},"end":{"line":156,"column":10},"skip":true},"42":{"start":{"line":154,"column":12},"end":{"line":154,"column":25},"skip":true},"43":{"start":{"line":155,"column":12},"end":{"line":155,"column":45},"skip":true},"44":{"start":{"line":158,"column":8},"end":{"line":167,"column":10},"skip":true},"45":{"start":{"line":165,"column":12},"end":{"line":165,"column":25},"skip":true},"46":{"start":{"line":166,"column":12},"end":{"line":166,"column":48},"skip":true},"47":{"start":{"line":169,"column":8},"end":{"line":178,"column":10},"skip":true},"48":{"start":{"line":176,"column":12},"end":{"line":176,"column":25},"skip":true},"49":{"start":{"line":177,"column":12},"end":{"line":177,"column":46},"skip":true},"50":{"start":{"line":180,"column":8},"end":{"line":189,"column":10},"skip":true},"51":{"start":{"line":187,"column":12},"end":{"line":187,"column":94},"skip":true},"52":{"start":{"line":188,"column":12},"end":{"line":188,"column":48},"skip":true},"53":{"start":{"line":192,"column":8},"end":{"line":192,"column":35},"skip":true},"54":{"start":{"line":193,"column":8},"end":{"line":193,"column":14},"skip":true}},"branchMap":{"1":{"line":25,"type":"binary-expr","locations":[{"start":{"line":25,"column":23},"end":{"line":25,"column":62}},{"start":{"line":26,"column":20},"end":{"line":26,"column":70}},{"start":{"line":27,"column":20},"end":{"line":27,"column":71}},{"start":{"line":28,"column":20},"end":{"line":28,"column":29}}]},"2":{"line":30,"type":"binary-expr","locations":[{"start":{"line":30,"column":23},"end":{"line":30,"column":37}},{"start":{"line":31,"column":20},"end":{"line":31,"column":61}},{"start":{"line":32,"column":20},"end":{"line":32,"column":70}},{"start":{"line":33,"column":20},"end":{"line":33,"column":26}}]},"3":{"line":37,"type":"cond-expr","locations":[{"start":{"line":38,"column":14},"end":{"line":38,"column":20}},{"start":{"line":39,"column":14},"end":{"line":39,"column":20}}]},"4":{"line":40,"type":"switch","locations":[{"start":{"line":42,"column":8},"end":{"line":47,"column":18}},{"start":{"line":49,"column":8},"end":{"line":52,"column":18}}]},"5":{"line":44,"type":"binary-expr","locations":[{"start":{"line":44,"column":16},"end":{"line":44,"column":44}},{"start":{"line":44,"column":48},"end":{"line":44,"column":66}}]},"6":{"line":50,"type":"binary-expr","locations":[{"start":{"line":50,"column":21},"end":{"line":50,"column":49}},{"start":{"line":50,"column":53},"end":{"line":50,"column":72}}]},"7":{"line":64,"type":"switch","locations":[{"start":{"line":69,"column":4},"end":{"line":70,"column":14}},{"start":{"line":75,"column":4},"end":{"line":76,"column":14}}]},"8":{"line":85,"type":"switch","locations":[{"start":{"line":90,"column":4},"end":{"line":105,"column":14}},{"start":{"line":111,"column":4},"end":{"line":193,"column":14},"skip":true}]},"9":{"line":91,"type":"binary-expr","locations":[{"start":{"line":91,"column":42},"end":{"line":91,"column":73}},{"start":{"line":91,"column":77},"end":{"line":99,"column":9}}]},"10":{"line":102,"type":"binary-expr","locations":[{"start":{"line":102,"column":18},"end":{"line":102,"column":32}},{"start":{"line":103,"column":12},"end":{"line":103,"column":53}},{"start":{"line":104,"column":12},"end":{"line":104,"column":61}}]},"11":{"line":112,"type":"binary-expr","locations":[{"start":{"line":112,"column":45},"end":{"line":112,"column":79},"skip":true},{"start":{"line":112,"column":83},"end":{"line":121,"column":9},"skip":true}]},"12":{"line":123,"type":"binary-expr","locations":[{"start":{"line":123,"column":42},"end":{"line":123,"column":73},"skip":true},{"start":{"line":123,"column":77},"end":{"line":136,"column":9},"skip":true}]},"13":{"line":138,"type":"binary-expr","locations":[{"start":{"line":138,"column":48},"end":{"line":138,"column":85},"skip":true},{"start":{"line":139,"column":12},"end":{"line":145,"column":13},"skip":true}]},"14":{"line":147,"type":"binary-expr","locations":[{"start":{"line":147,"column":42},"end":{"line":147,"column":73},"skip":true},{"start":{"line":147,"column":77},"end":{"line":156,"column":9},"skip":true}]},"15":{"line":158,"type":"binary-expr","locations":[{"start":{"line":158,"column":45},"end":{"line":158,"column":79},"skip":true},{"start":{"line":158,"column":83},"end":{"line":167,"column":9},"skip":true}]},"16":{"line":169,"type":"binary-expr","locations":[{"start":{"line":169,"column":43},"end":{"line":169,"column":75},"skip":true},{"start":{"line":169,"column":79},"end":{"line":178,"column":9},"skip":true}]},"17":{"line":180,"type":"binary-expr","locations":[{"start":{"line":180,"column":41},"end":{"line":180,"column":71},"skip":true},{"start":{"line":180,"column":75},"end":{"line":189,"column":9},"skip":true}]}},"code":["/* istanbul instrument in package npmtest_node_tweet_stream */","/*jslint","    bitwise: true,","    browser: true,","    maxerr: 8,","    maxlen: 96,","    node: true,","    nomen: true,","    regexp: true,","    stupid: true","*/","(function () {","    'use strict';","    var local;","","","","    // run shared js-env code - init-before","    (function () {","        // init local","        local = {};","        // init modeJs","        local.modeJs = (function () {","            try {","                return typeof navigator.userAgent === 'string' &&","                    typeof document.querySelector('body') === 'object' &&","                    typeof XMLHttpRequest.prototype.open === 'function' &&","                    'browser';","            } catch (errorCaughtBrowser) {","                return module.exports &&","                    typeof process.versions.node === 'string' &&","                    typeof require('http').createServer === 'function' &&","                    'node';","            }","        }());","        // init global","        local.global = local.modeJs === 'browser'","            ? window","            : global;","        switch (local.modeJs) {","        // re-init local from window.local","        case 'browser':","            local = local.global.utility2.objectSetDefault(","                local.global.utility2_rollup || local.global.local,","                local.global.utility2","            );","            break;","        // re-init local from example.js","        case 'node':","            local = (local.global.utility2_rollup || require('utility2'))","                .requireReadme();","            break;","        }","        // export local","        local.global.local = local;","    }());","","","","    // run shared js-env code - function","    (function () {","        return;","    }());","    switch (local.modeJs) {","","","","    // run browser js-env code - function","    case 'browser':","        break;","","","","    // run node js-env code - function","    case 'node':","        break;","    }","","","","    // run shared js-env code - init-after","    (function () {","        return;","    }());","    switch (local.modeJs) {","","","","    // run browser js-env code - init-after","    case 'browser':","        local.testCase_browser_nullCase = local.testCase_browser_nullCase || function (","            options,","            onError","        ) {","        /*","         * this function will test browsers's null-case handling-behavior-behavior","         */","            onError(null, options);","        };","","        // run tests","        local.nop(local.modeTest &&","            document.querySelector('#testRunButton1') &&","            document.querySelector('#testRunButton1').click());","        break;","","","","    // run node js-env code - init-after","    /* istanbul ignore next */","    case 'node':","        local.testCase_buildApidoc_default = local.testCase_buildApidoc_default || function (","            options,","            onError","        ) {","        /*","         * this function will test buildApidoc's default handling-behavior-behavior","         */","            options = { modulePathList: module.paths };","            local.buildApidoc(options, onError);","        };","","        local.testCase_buildApp_default = local.testCase_buildApp_default || function (","            options,","            onError","        ) {","        /*","         * this function will test buildApp's default handling-behavior-behavior","         */","            local.testCase_buildReadme_default(options, local.onErrorThrow);","            local.testCase_buildLib_default(options, local.onErrorThrow);","            local.testCase_buildTest_default(options, local.onErrorThrow);","            local.testCase_buildCustomOrg_default(options, local.onErrorThrow);","            options = [];","            local.buildApp(options, onError);","        };","","        local.testCase_buildCustomOrg_default = local.testCase_buildCustomOrg_default ||","            function (options, onError) {","            /*","             * this function will test buildCustomOrg's default handling-behavior","             */","                options = {};","                local.buildCustomOrg(options, onError);","            };","","        local.testCase_buildLib_default = local.testCase_buildLib_default || function (","            options,","            onError","        ) {","        /*","         * this function will test buildLib's default handling-behavior","         */","            options = {};","            local.buildLib(options, onError);","        };","","        local.testCase_buildReadme_default = local.testCase_buildReadme_default || function (","            options,","            onError","        ) {","        /*","         * this function will test buildReadme's default handling-behavior-behavior","         */","            options = {};","            local.buildReadme(options, onError);","        };","","        local.testCase_buildTest_default = local.testCase_buildTest_default || function (","            options,","            onError","        ) {","        /*","         * this function will test buildTest's default handling-behavior","         */","            options = {};","            local.buildTest(options, onError);","        };","","        local.testCase_webpage_default = local.testCase_webpage_default || function (","            options,","            onError","        ) {","        /*","         * this function will test webpage's default handling-behavior","         */","            options = { modeCoverageMerge: true, url: local.serverLocalHost + '?modeTest=1' };","            local.browserTest(options, onError);","        };","","        // run test-server","        local.testRunServer(local);","        break;","    }","}());",""],"l":{"12":2,"14":2,"19":2,"21":2,"23":2,"24":2,"25":2,"30":1,"37":2,"40":2,"43":1,"47":1,"50":1,"52":1,"55":2,"61":2,"62":2,"64":2,"70":1,"76":1,"82":2,"83":2,"85":2,"91":1,"98":1,"102":1,"105":1,"112":1,"119":1,"120":1,"123":1,"130":1,"131":1,"132":1,"133":1,"134":1,"135":1,"138":1,"143":2,"144":2,"147":1,"154":2,"155":2,"158":1,"165":2,"166":2,"169":1,"176":2,"177":2,"180":1,"187":1,"188":1,"192":1,"193":1}},"/home/travis/build/npmtest/node-npmtest-node-tweet-stream/lib.npmtest_node_tweet_stream.js":{"path":"/home/travis/build/npmtest/node-npmtest-node-tweet-stream/lib.npmtest_node_tweet_stream.js","s":{"1":2,"2":2,"3":2,"4":2,"5":2,"6":2,"7":2,"8":1,"9":2,"10":2,"11":2,"12":2,"13":1,"14":1,"15":1,"16":1},"b":{"1":[2,1,1,1],"2":[1,1,1,1],"3":[1,1],"4":[2,2],"5":[1,1]},"f":{"1":2,"2":2,"3":2},"fnMap":{"1":{"name":"(anonymous_1)","line":12,"loc":{"start":{"line":12,"column":1},"end":{"line":12,"column":13}}},"2":{"name":"(anonymous_2)","line":19,"loc":{"start":{"line":19,"column":5},"end":{"line":19,"column":17}}},"3":{"name":"(anonymous_3)","line":23,"loc":{"start":{"line":23,"column":24},"end":{"line":23,"column":36}}}},"statementMap":{"1":{"start":{"line":12,"column":0},"end":{"line":53,"column":5}},"2":{"start":{"line":14,"column":4},"end":{"line":14,"column":14}},"3":{"start":{"line":19,"column":4},"end":{"line":52,"column":9}},"4":{"start":{"line":21,"column":8},"end":{"line":21,"column":19}},"5":{"start":{"line":23,"column":8},"end":{"line":35,"column":13}},"6":{"start":{"line":24,"column":12},"end":{"line":34,"column":13}},"7":{"start":{"line":25,"column":16},"end":{"line":28,"column":30}},"8":{"start":{"line":30,"column":16},"end":{"line":33,"column":27}},"9":{"start":{"line":37,"column":8},"end":{"line":39,"column":21}},"10":{"start":{"line":41,"column":8},"end":{"line":41,"column":54}},"11":{"start":{"line":43,"column":8},"end":{"line":43,"column":62}},"12":{"start":{"line":45,"column":8},"end":{"line":51,"column":9}},"13":{"start":{"line":46,"column":12},"end":{"line":46,"column":68}},"14":{"start":{"line":48,"column":12},"end":{"line":48,"column":35}},"15":{"start":{"line":49,"column":12},"end":{"line":49,"column":49}},"16":{"start":{"line":50,"column":12},"end":{"line":50,"column":43}}},"branchMap":{"1":{"line":25,"type":"binary-expr","locations":[{"start":{"line":25,"column":23},"end":{"line":25,"column":62}},{"start":{"line":26,"column":20},"end":{"line":26,"column":70}},{"start":{"line":27,"column":20},"end":{"line":27,"column":71}},{"start":{"line":28,"column":20},"end":{"line":28,"column":29}}]},"2":{"line":30,"type":"binary-expr","locations":[{"start":{"line":30,"column":23},"end":{"line":30,"column":37}},{"start":{"line":31,"column":20},"end":{"line":31,"column":61}},{"start":{"line":32,"column":20},"end":{"line":32,"column":70}},{"start":{"line":33,"column":20},"end":{"line":33,"column":26}}]},"3":{"line":37,"type":"cond-expr","locations":[{"start":{"line":38,"column":14},"end":{"line":38,"column":20}},{"start":{"line":39,"column":14},"end":{"line":39,"column":20}}]},"4":{"line":41,"type":"binary-expr","locations":[{"start":{"line":41,"column":16},"end":{"line":41,"column":44}},{"start":{"line":41,"column":48},"end":{"line":41,"column":53}}]},"5":{"line":45,"type":"if","locations":[{"start":{"line":45,"column":8},"end":{"line":45,"column":8}},{"start":{"line":45,"column":8},"end":{"line":45,"column":8}}]}},"code":["/* istanbul instrument in package npmtest_node_tweet_stream */","/*jslint","    bitwise: true,","    browser: true,","    maxerr: 8,","    maxlen: 96,","    node: true,","    nomen: true,","    regexp: true,","    stupid: true","*/","(function () {","    'use strict';","    var local;","","","","    // run shared js-env code - init-before","    (function () {","        // init local","        local = {};","        // init modeJs","        local.modeJs = (function () {","            try {","                return typeof navigator.userAgent === 'string' &&","                    typeof document.querySelector('body') === 'object' &&","                    typeof XMLHttpRequest.prototype.open === 'function' &&","                    'browser';","            } catch (errorCaughtBrowser) {","                return module.exports &&","                    typeof process.versions.node === 'string' &&","                    typeof require('http').createServer === 'function' &&","                    'node';","            }","        }());","        // init global","        local.global = local.modeJs === 'browser'","            ? window","            : global;","        // init utility2_rollup","        local = local.global.utility2_rollup || local;","        // init lib","        local.local = local.npmtest_node_tweet_stream = local;","        // init exports","        if (local.modeJs === 'browser') {","            local.global.utility2_npmtest_node_tweet_stream = local;","        } else {","            module.exports = local;","            module.exports.__dirname = __dirname;","            module.exports.module = module;","        }","    }());","}());",""],"l":{"12":2,"14":2,"19":2,"21":2,"23":2,"24":2,"25":2,"30":1,"37":2,"41":2,"43":2,"45":2,"46":1,"48":1,"49":1,"50":1}},"/home/travis/build/npmtest/node-npmtest-node-tweet-stream/example.js":{"path":"/home/travis/build/npmtest/node-npmtest-node-tweet-stream/example.js","s":{"1":2,"2":2,"3":2,"4":2,"5":2,"6":2,"7":2,"8":1,"9":2,"10":2,"11":2,"12":2,"13":1,"14":2,"15":2,"16":2,"17":2,"18":2,"19":0,"20":2,"21":1,"22":1,"23":1,"24":1,"25":1,"26":0,"27":0,"28":1,"29":1,"30":2,"31":0,"32":0,"33":0,"34":1,"35":2,"36":2,"37":3,"38":3,"39":3,"40":3,"41":0,"42":3,"43":3,"44":3,"45":1,"46":3,"47":1,"48":1,"49":1,"50":1,"51":1,"52":1,"53":1,"54":1,"55":1,"56":1,"57":0,"58":1,"59":6,"60":6,"61":1,"62":2,"63":0,"64":2,"65":1,"66":1,"67":0,"68":0,"69":0,"70":0,"71":0,"72":0,"73":0,"74":0,"75":0,"76":0,"77":0,"78":0,"79":0,"80":0,"81":0,"82":0,"83":0},"b":{"1":[2,1,1,1],"2":[1,1,1,1],"3":[1,1],"4":[2,2],"5":[1,1],"6":[1,1],"7":[2,0],"8":[2,1,1,1,1,1],"9":[0,2,0],"10":[1,1],"11":[2,1,1],"12":[1,0],"13":[0,2],"14":[2,0,0,0,0,0,0],"15":[0,3],"16":[3,0],"17":[1,1],"18":[0,1],"19":[1,2,0,2],"20":[1,0],"21":[1,1],"22":[0,0],"23":[0,0],"24":[0,0],"25":[0,0],"26":[0,0],"27":[0,0],"28":[0,0]},"f":{"1":2,"2":2,"3":2,"4":2,"5":2,"6":2,"7":3,"8":3,"9":3,"10":1,"11":6,"12":0},"fnMap":{"1":{"name":"(anonymous_1)","line":26,"loc":{"start":{"line":26,"column":1},"end":{"line":26,"column":13}}},"2":{"name":"(anonymous_2)","line":33,"loc":{"start":{"line":33,"column":5},"end":{"line":33,"column":17}}},"3":{"name":"(anonymous_3)","line":37,"loc":{"start":{"line":37,"column":24},"end":{"line":37,"column":36}}},"4":{"name":"(anonymous_4)","line":69,"loc":{"start":{"line":69,"column":31},"end":{"line":69,"column":48}},"skip":true},"5":{"name":"(anonymous_5)","line":78,"loc":{"start":{"line":78,"column":26},"end":{"line":78,"column":45}},"skip":true},"6":{"name":"(anonymous_6)","line":123,"loc":{"start":{"line":123,"column":33},"end":{"line":123,"column":48}},"skip":true},"7":{"name":"(anonymous_7)","line":125,"loc":{"start":{"line":125,"column":27},"end":{"line":125,"column":39}},"skip":true},"8":{"name":"(anonymous_8)","line":133,"loc":{"start":{"line":133,"column":59},"end":{"line":133,"column":74}},"skip":true},"9":{"name":"(anonymous_9)","line":143,"loc":{"start":{"line":143,"column":45},"end":{"line":143,"column":62}},"skip":true},"10":{"name":"(anonymous_10)","line":144,"loc":{"start":{"line":144,"column":73},"end":{"line":144,"column":92}},"skip":true},"11":{"name":"(anonymous_11)","line":272,"loc":{"start":{"line":272,"column":51},"end":{"line":272,"column":77}},"skip":true},"12":{"name":"(anonymous_12)","line":315,"loc":{"start":{"line":315,"column":32},"end":{"line":315,"column":61}},"skip":true}},"statementMap":{"1":{"start":{"line":26,"column":0},"end":{"line":326,"column":5}},"2":{"start":{"line":28,"column":4},"end":{"line":28,"column":14}},"3":{"start":{"line":33,"column":4},"end":{"line":60,"column":9}},"4":{"start":{"line":35,"column":8},"end":{"line":35,"column":19}},"5":{"start":{"line":37,"column":8},"end":{"line":49,"column":13}},"6":{"start":{"line":38,"column":12},"end":{"line":48,"column":13}},"7":{"start":{"line":39,"column":16},"end":{"line":42,"column":30}},"8":{"start":{"line":44,"column":16},"end":{"line":47,"column":27}},"9":{"start":{"line":51,"column":8},"end":{"line":53,"column":21}},"10":{"start":{"line":55,"column":8},"end":{"line":57,"column":45}},"11":{"start":{"line":59,"column":8},"end":{"line":59,"column":35}},"12":{"start":{"line":61,"column":4},"end":{"line":325,"column":5}},"13":{"start":{"line":69,"column":8},"end":{"line":121,"column":10},"skip":true},"14":{"start":{"line":70,"column":12},"end":{"line":88,"column":13},"skip":true},"15":{"start":{"line":76,"column":16},"end":{"line":87,"column":19},"skip":true},"16":{"start":{"line":79,"column":20},"end":{"line":86,"column":21},"skip":true},"17":{"start":{"line":82,"column":24},"end":{"line":82,"column":43},"skip":true},"18":{"start":{"line":83,"column":24},"end":{"line":83,"column":30},"skip":true},"19":{"start":{"line":85,"column":24},"end":{"line":85,"column":49},"skip":true},"20":{"start":{"line":89,"column":12},"end":{"line":107,"column":13},"skip":true},"21":{"start":{"line":92,"column":16},"end":{"line":102,"column":17},"skip":true},"22":{"start":{"line":93,"column":20},"end":{"line":93,"column":86},"skip":true},"23":{"start":{"line":94,"column":20},"end":{"line":95,"column":45},"skip":true},"24":{"start":{"line":96,"column":20},"end":{"line":96,"column":42},"skip":true},"25":{"start":{"line":97,"column":20},"end":{"line":97,"column":48},"skip":true},"26":{"start":{"line":100,"column":20},"end":{"line":100,"column":85},"skip":true},"27":{"start":{"line":101,"column":20},"end":{"line":101,"column":96},"skip":true},"28":{"start":{"line":103,"column":16},"end":{"line":103,"column":22},"skip":true},"29":{"start":{"line":106,"column":16},"end":{"line":106,"column":22},"skip":true},"30":{"start":{"line":108,"column":12},"end":{"line":120,"column":13},"skip":true},"31":{"start":{"line":114,"column":16},"end":{"line":119,"column":17},"skip":true},"32":{"start":{"line":116,"column":20},"end":{"line":116,"column":78},"skip":true},"33":{"start":{"line":118,"column":20},"end":{"line":118,"column":47},"skip":true},"34":{"start":{"line":123,"column":8},"end":{"line":141,"column":11},"skip":true},"35":{"start":{"line":124,"column":12},"end":{"line":124,"column":54},"skip":true},"36":{"start":{"line":125,"column":12},"end":{"line":140,"column":14},"skip":true},"37":{"start":{"line":126,"column":16},"end":{"line":126,"column":28},"skip":true},"38":{"start":{"line":127,"column":16},"end":{"line":127,"column":69},"skip":true},"39":{"start":{"line":128,"column":16},"end":{"line":128,"column":75},"skip":true},"40":{"start":{"line":129,"column":16},"end":{"line":131,"column":17},"skip":true},"41":{"start":{"line":130,"column":20},"end":{"line":130,"column":27},"skip":true},"42":{"start":{"line":133,"column":16},"end":{"line":137,"column":36},"skip":true},"43":{"start":{"line":134,"column":20},"end":{"line":136,"column":55},"skip":true},"44":{"start":{"line":139,"column":16},"end":{"line":139,"column":57},"skip":true},"45":{"start":{"line":143,"column":8},"end":{"line":147,"column":11},"skip":true},"46":{"start":{"line":144,"column":12},"end":{"line":146,"column":15},"skip":true},"47":{"start":{"line":145,"column":16},"end":{"line":145,"column":70},"skip":true},"48":{"start":{"line":149,"column":8},"end":{"line":149,"column":31},"skip":true},"49":{"start":{"line":150,"column":8},"end":{"line":150,"column":14},"skip":true},"50":{"start":{"line":158,"column":8},"end":{"line":158,"column":31},"skip":true},"51":{"start":{"line":160,"column":8},"end":{"line":160,"column":33},"skip":true},"52":{"start":{"line":161,"column":8},"end":{"line":161,"column":37},"skip":true},"53":{"start":{"line":162,"column":8},"end":{"line":162,"column":35},"skip":true},"54":{"start":{"line":164,"column":8},"end":{"line":164,"column":50},"skip":true},"55":{"start":{"line":166,"column":8},"end":{"line":256,"column":2},"skip":true},"56":{"start":{"line":258,"column":8},"end":{"line":286,"column":9},"skip":true},"57":{"start":{"line":259,"column":12},"end":{"line":269,"column":14},"skip":true},"58":{"start":{"line":271,"column":12},"end":{"line":285,"column":19},"skip":true},"59":{"start":{"line":274,"column":20},"end":{"line":274,"column":35},"skip":true},"60":{"start":{"line":275,"column":20},"end":{"line":284,"column":21},"skip":true},"61":{"start":{"line":277,"column":24},"end":{"line":277,"column":64},"skip":true},"62":{"start":{"line":279,"column":24},"end":{"line":279,"column":40},"skip":true},"63":{"start":{"line":281,"column":24},"end":{"line":281,"column":40},"skip":true},"64":{"start":{"line":283,"column":24},"end":{"line":283,"column":39},"skip":true},"65":{"start":{"line":288,"column":8},"end":{"line":290,"column":9},"skip":true},"66":{"start":{"line":289,"column":12},"end":{"line":289,"column":18},"skip":true},"67":{"start":{"line":291,"column":8},"end":{"line":293,"column":54},"skip":true},"68":{"start":{"line":296,"column":8},"end":{"line":301,"column":37},"skip":true},"69":{"start":{"line":303,"column":8},"end":{"line":303,"column":82},"skip":true},"70":{"start":{"line":306,"column":8},"end":{"line":308,"column":9},"skip":true},"71":{"start":{"line":307,"column":12},"end":{"line":307,"column":82},"skip":true},"72":{"start":{"line":310,"column":8},"end":{"line":312,"column":9},"skip":true},"73":{"start":{"line":311,"column":12},"end":{"line":311,"column":18},"skip":true},"74":{"start":{"line":313,"column":8},"end":{"line":313,"column":54},"skip":true},"75":{"start":{"line":314,"column":8},"end":{"line":314,"column":69},"skip":true},"76":{"start":{"line":315,"column":8},"end":{"line":323,"column":36},"skip":true},"77":{"start":{"line":316,"column":12},"end":{"line":316,"column":61},"skip":true},"78":{"start":{"line":317,"column":12},"end":{"line":320,"column":13},"skip":true},"79":{"start":{"line":318,"column":16},"end":{"line":318,"column":75},"skip":true},"80":{"start":{"line":319,"column":16},"end":{"line":319,"column":23},"skip":true},"81":{"start":{"line":321,"column":12},"end":{"line":321,"column":38},"skip":true},"82":{"start":{"line":322,"column":12},"end":{"line":322,"column":27},"skip":true},"83":{"start":{"line":324,"column":8},"end":{"line":324,"column":14},"skip":true}},"branchMap":{"1":{"line":39,"type":"binary-expr","locations":[{"start":{"line":39,"column":23},"end":{"line":39,"column":62}},{"start":{"line":40,"column":20},"end":{"line":40,"column":70}},{"start":{"line":41,"column":20},"end":{"line":41,"column":71}},{"start":{"line":42,"column":20},"end":{"line":42,"column":29}}]},"2":{"line":44,"type":"binary-expr","locations":[{"start":{"line":44,"column":23},"end":{"line":44,"column":37}},{"start":{"line":45,"column":20},"end":{"line":45,"column":61}},{"start":{"line":46,"column":20},"end":{"line":46,"column":70}},{"start":{"line":47,"column":20},"end":{"line":47,"column":26}}]},"3":{"line":51,"type":"cond-expr","locations":[{"start":{"line":52,"column":14},"end":{"line":52,"column":20}},{"start":{"line":53,"column":14},"end":{"line":53,"column":20}}]},"4":{"line":55,"type":"binary-expr","locations":[{"start":{"line":55,"column":16},"end":{"line":55,"column":44}},{"start":{"line":55,"column":49},"end":{"line":57,"column":43}}]},"5":{"line":55,"type":"cond-expr","locations":[{"start":{"line":56,"column":14},"end":{"line":56,"column":61}},{"start":{"line":57,"column":14},"end":{"line":57,"column":43}}]},"6":{"line":61,"type":"switch","locations":[{"start":{"line":68,"column":4},"end":{"line":150,"column":14},"skip":true},{"start":{"line":156,"column":4},"end":{"line":324,"column":14},"skip":true}]},"7":{"line":70,"type":"if","locations":[{"start":{"line":70,"column":12},"end":{"line":70,"column":12},"skip":true},{"start":{"line":70,"column":12},"end":{"line":70,"column":12},"skip":true}]},"8":{"line":70,"type":"binary-expr","locations":[{"start":{"line":70,"column":16},"end":{"line":70,"column":22},"skip":true},{"start":{"line":70,"column":27},"end":{"line":70,"column":32},"skip":true},{"start":{"line":71,"column":20},"end":{"line":71,"column":39},"skip":true},{"start":{"line":72,"column":20},"end":{"line":72,"column":49},"skip":true},{"start":{"line":73,"column":20},"end":{"line":73,"column":58},"skip":true},{"start":{"line":74,"column":20},"end":{"line":74,"column":69},"skip":true}]},"9":{"line":79,"type":"switch","locations":[{"start":{"line":80,"column":20},"end":{"line":80,"column":33},"skip":true},{"start":{"line":81,"column":20},"end":{"line":83,"column":30},"skip":true},{"start":{"line":84,"column":20},"end":{"line":85,"column":49},"skip":true}]},"10":{"line":89,"type":"switch","locations":[{"start":{"line":90,"column":12},"end":{"line":103,"column":22},"skip":true},{"start":{"line":105,"column":12},"end":{"line":106,"column":22},"skip":true}]},"11":{"line":89,"type":"binary-expr","locations":[{"start":{"line":89,"column":20},"end":{"line":89,"column":25},"skip":true},{"start":{"line":89,"column":29},"end":{"line":89,"column":48},"skip":true},{"start":{"line":89,"column":52},"end":{"line":89,"column":74},"skip":true}]},"12":{"line":92,"type":"if","locations":[{"start":{"line":92,"column":16},"end":{"line":92,"column":16},"skip":true},{"start":{"line":92,"column":16},"end":{"line":92,"column":16},"skip":true}]},"13":{"line":108,"type":"if","locations":[{"start":{"line":108,"column":12},"end":{"line":108,"column":12},"skip":true},{"start":{"line":108,"column":12},"end":{"line":108,"column":12},"skip":true}]},"14":{"line":108,"type":"binary-expr","locations":[{"start":{"line":108,"column":16},"end":{"line":108,"column":61},"skip":true},{"start":{"line":108,"column":66},"end":{"line":108,"column":72},"skip":true},{"start":{"line":108,"column":77},"end":{"line":108,"column":82},"skip":true},{"start":{"line":109,"column":20},"end":{"line":109,"column":39},"skip":true},{"start":{"line":110,"column":20},"end":{"line":110,"column":49},"skip":true},{"start":{"line":111,"column":20},"end":{"line":111,"column":58},"skip":true},{"start":{"line":112,"column":20},"end":{"line":112,"column":68},"skip":true}]},"15":{"line":129,"type":"if","locations":[{"start":{"line":129,"column":16},"end":{"line":129,"column":16},"skip":true},{"start":{"line":129,"column":16},"end":{"line":129,"column":16},"skip":true}]},"16":{"line":134,"type":"cond-expr","locations":[{"start":{"line":135,"column":26},"end":{"line":135,"column":29},"skip":true},{"start":{"line":136,"column":26},"end":{"line":136,"column":54},"skip":true}]},"17":{"line":164,"type":"binary-expr","locations":[{"start":{"line":164,"column":27},"end":{"line":164,"column":43},"skip":true},{"start":{"line":164,"column":47},"end":{"line":164,"column":49},"skip":true}]},"18":{"line":258,"type":"if","locations":[{"start":{"line":258,"column":8},"end":{"line":258,"column":8},"skip":true},{"start":{"line":258,"column":8},"end":{"line":258,"column":8},"skip":true}]},"19":{"line":275,"type":"switch","locations":[{"start":{"line":276,"column":20},"end":{"line":277,"column":64},"skip":true},{"start":{"line":278,"column":20},"end":{"line":279,"column":40},"skip":true},{"start":{"line":280,"column":20},"end":{"line":281,"column":40},"skip":true},{"start":{"line":282,"column":20},"end":{"line":283,"column":39},"skip":true}]},"20":{"line":288,"type":"if","locations":[{"start":{"line":288,"column":8},"end":{"line":288,"column":8},"skip":true},{"start":{"line":288,"column":8},"end":{"line":288,"column":8},"skip":true}]},"21":{"line":288,"type":"binary-expr","locations":[{"start":{"line":288,"column":12},"end":{"line":288,"column":40},"skip":true},{"start":{"line":288,"column":44},"end":{"line":288,"column":67},"skip":true}]},"22":{"line":292,"type":"binary-expr","locations":[{"start":{"line":292,"column":12},"end":{"line":292,"column":50},"skip":true},{"start":{"line":293,"column":12},"end":{"line":293,"column":53},"skip":true}]},"23":{"line":297,"type":"binary-expr","locations":[{"start":{"line":297,"column":12},"end":{"line":297,"column":75},"skip":true},{"start":{"line":298,"column":12},"end":{"line":301,"column":36},"skip":true}]},"24":{"line":303,"type":"binary-expr","locations":[{"start":{"line":303,"column":43},"end":{"line":303,"column":75},"skip":true},{"start":{"line":303,"column":79},"end":{"line":303,"column":81},"skip":true}]},"25":{"line":306,"type":"if","locations":[{"start":{"line":306,"column":8},"end":{"line":306,"column":8},"skip":true},{"start":{"line":306,"column":8},"end":{"line":306,"column":8},"skip":true}]},"26":{"line":310,"type":"if","locations":[{"start":{"line":310,"column":8},"end":{"line":310,"column":8},"skip":true},{"start":{"line":310,"column":8},"end":{"line":310,"column":8},"skip":true}]},"27":{"line":313,"type":"binary-expr","locations":[{"start":{"line":313,"column":27},"end":{"line":313,"column":43},"skip":true},{"start":{"line":313,"column":47},"end":{"line":313,"column":53},"skip":true}]},"28":{"line":317,"type":"if","locations":[{"start":{"line":317,"column":12},"end":{"line":317,"column":12},"skip":true},{"start":{"line":317,"column":12},"end":{"line":317,"column":12},"skip":true}]}},"code":["/*","example.js","","quickstart example","","instruction","    1. save this script as example.js","    2. run the shell command:","        $ npm install npmtest-node-tweet-stream && PORT=8081 node example.js","    3. play with the browser-demo on http://127.0.0.1:8081","*/","","","","/* istanbul instrument in package npmtest_node_tweet_stream */","/*jslint","    bitwise: true,","    browser: true,","    maxerr: 8,","    maxlen: 96,","    node: true,","    nomen: true,","    regexp: true,","    stupid: true","*/","(function () {","    'use strict';","    var local;","","","","    // run shared js-env code - init-before","    (function () {","        // init local","        local = {};","        // init modeJs","        local.modeJs = (function () {","            try {","                return typeof navigator.userAgent === 'string' &&","                    typeof document.querySelector('body') === 'object' &&","                    typeof XMLHttpRequest.prototype.open === 'function' &&","                    'browser';","            } catch (errorCaughtBrowser) {","                return module.exports &&","                    typeof process.versions.node === 'string' &&","                    typeof require('http').createServer === 'function' &&","                    'node';","            }","        }());","        // init global","        local.global = local.modeJs === 'browser'","            ? window","            : global;","        // init utility2_rollup","        local = local.global.utility2_rollup || (local.modeJs === 'browser'","            ? local.global.utility2_npmtest_node_tweet_stream","            : global.utility2_moduleExports);","        // export local","        local.global.local = local;","    }());","    switch (local.modeJs) {","","","","    // init-after","    // run browser js-env code - init-after","    /* istanbul ignore next */","    case 'browser':","        local.testRunBrowser = function (event) {","            if (!event || (event &&","                    event.currentTarget &&","                    event.currentTarget.className &&","                    event.currentTarget.className.includes &&","                    event.currentTarget.className.includes('onreset'))) {","                // reset output","                Array.from(","                    document.querySelectorAll('body > .resettable')","                ).forEach(function (element) {","                    switch (element.tagName) {","                    case 'INPUT':","                    case 'TEXTAREA':","                        element.value = '';","                        break;","                    default:","                        element.textContent = '';","                    }","                });","            }","            switch (event && event.currentTarget && event.currentTarget.id) {","            case 'testRunButton1':","                // show tests","                if (document.querySelector('#testReportDiv1').style.display === 'none') {","                    document.querySelector('#testReportDiv1').style.display = 'block';","                    document.querySelector('#testRunButton1').textContent =","                        'hide internal test';","                    local.modeTest = true;","                    local.testRunDefault(local);","                // hide tests","                } else {","                    document.querySelector('#testReportDiv1').style.display = 'none';","                    document.querySelector('#testRunButton1').textContent = 'run internal test';","                }","                break;","            // custom-case","            default:","                break;","            }","            if (document.querySelector('#inputTextareaEval1') && (!event || (event &&","                    event.currentTarget &&","                    event.currentTarget.className &&","                    event.currentTarget.className.includes &&","                    event.currentTarget.className.includes('oneval')))) {","                // try to eval input-code","                try {","                    /*jslint evil: true*/","                    eval(document.querySelector('#inputTextareaEval1').value);","                } catch (errorCaught) {","                    console.error(errorCaught);","                }","            }","        };","        // log stderr and stdout to #outputTextareaStdout1","        ['error', 'log'].forEach(function (key) {","            console[key + '_original'] = console[key];","            console[key] = function () {","                var element;","                console[key + '_original'].apply(console, arguments);","                element = document.querySelector('#outputTextareaStdout1');","                if (!element) {","                    return;","                }","                // append text to #outputTextareaStdout1","                element.value += Array.from(arguments).map(function (arg) {","                    return typeof arg === 'string'","                        ? arg","                        : JSON.stringify(arg, null, 4);","                }).join(' ') + '\\n';","                // scroll textarea to bottom","                element.scrollTop = element.scrollHeight;","            };","        });","        // init event-handling","        ['change', 'click', 'keyup'].forEach(function (event) {","            Array.from(document.querySelectorAll('.on' + event)).forEach(function (element) {","                element.addEventListener(event, local.testRunBrowser);","            });","        });","        // run tests","        local.testRunBrowser();","        break;","","","","    // run node js-env code - init-after","    /* istanbul ignore next */","    case 'node':","        // export local","        module.exports = local;","        // require modules","        local.fs = require('fs');","        local.http = require('http');","        local.url = require('url');","        // init assets","        local.assetsDict = local.assetsDict || {};","        /* jslint-ignore-begin */","        local.assetsDict['/assets.index.template.html'] = '\\","<!doctype html>\\n\\","<html lang=\"en\">\\n\\","<head>\\n\\","<meta charset=\"UTF-8\">\\n\\","<meta name=\"viewport\" content=\"width=device-width, initial-scale=1\">\\n\\","<title>{{env.npm_package_name}} (v{{env.npm_package_version}})</title>\\n\\","<style>\\n\\","/*csslint\\n\\","    box-sizing: false,\\n\\","    universal-selector: false\\n\\","*/\\n\\","* {\\n\\","    box-sizing: border-box;\\n\\","}\\n\\","body {\\n\\","    background: #dde;\\n\\","    font-family: Arial, Helvetica, sans-serif;\\n\\","    margin: 2rem;\\n\\","}\\n\\","body > * {\\n\\","    margin-bottom: 1rem;\\n\\","}\\n\\",".utility2FooterDiv {\\n\\","    margin-top: 20px;\\n\\","    text-align: center;\\n\\","}\\n\\","</style>\\n\\","<style>\\n\\","/*csslint\\n\\","*/\\n\\","textarea {\\n\\","    font-family: monospace;\\n\\","    height: 10rem;\\n\\","    width: 100%;\\n\\","}\\n\\","textarea[readonly] {\\n\\","    background: #ddd;\\n\\","}\\n\\","</style>\\n\\","</head>\\n\\","<body>\\n\\","<!-- utility2-comment\\n\\","<div id=\"ajaxProgressDiv1\" style=\"background: #d00; height: 2px; left: 0; margin: 0; padding: 0; position: fixed; top: 0; transition: background 0.5s, width 1.5s; width: 25%;\"></div>\\n\\","utility2-comment -->\\n\\","<h1>\\n\\","<!-- utility2-comment\\n\\","    <a\\n\\","        {{#if env.npm_package_homepage}}\\n\\","        href=\"{{env.npm_package_homepage}}\"\\n\\","        {{/if env.npm_package_homepage}}\\n\\","        target=\"_blank\"\\n\\","    >\\n\\","utility2-comment -->\\n\\","        {{env.npm_package_name}} (v{{env.npm_package_version}})\\n\\","<!-- utility2-comment\\n\\","    </a>\\n\\","utility2-comment -->\\n\\","</h1>\\n\\","<h3>{{env.npm_package_description}}</h3>\\n\\","<!-- utility2-comment\\n\\","<h4><a download href=\"assets.app.js\">download standalone app</a></h4>\\n\\","<button class=\"onclick onreset\" id=\"testRunButton1\">run internal test</button><br>\\n\\","<div id=\"testReportDiv1\" style=\"display: none;\"></div>\\n\\","utility2-comment -->\\n\\","\\n\\","\\n\\","\\n\\","<label>stderr and stdout</label>\\n\\","<textarea class=\"resettable\" id=\"outputTextareaStdout1\" readonly></textarea>\\n\\","<!-- utility2-comment\\n\\","{{#if isRollup}}\\n\\","<script src=\"assets.app.js\"></script>\\n\\","{{#unless isRollup}}\\n\\","utility2-comment -->\\n\\","<script src=\"assets.utility2.rollup.js\"></script>\\n\\","<script src=\"jsonp.utility2._stateInit?callback=window.utility2._stateInit\"></script>\\n\\","<script src=\"assets.npmtest_node_tweet_stream.rollup.js\"></script>\\n\\","<script src=\"assets.example.js\"></script>\\n\\","<script src=\"assets.test.js\"></script>\\n\\","<!-- utility2-comment\\n\\","{{/if isRollup}}\\n\\","utility2-comment -->\\n\\","<div class=\"utility2FooterDiv\">\\n\\","    [ this app was created with\\n\\","    <a href=\"https://github.com/kaizhu256/node-utility2\" target=\"_blank\">utility2</a>\\n\\","    ]\\n\\","</div>\\n\\","</body>\\n\\","</html>\\n\\","';","        /* jslint-ignore-end */","        if (local.templateRender) {","            local.assetsDict['/'] = local.templateRender(","                local.assetsDict['/assets.index.template.html'],","                {","                    env: local.objectSetDefault(local.env, {","                        npm_package_description: 'the greatest app in the world!',","                        npm_package_name: 'my-app',","                        npm_package_nameAlias: 'my_app',","                        npm_package_version: '0.0.1'","                    })","                }","            );","        } else {","            local.assetsDict['/'] = local.assetsDict['/assets.index.template.html']","                .replace((/\\{\\{env\\.(\\w+?)\\}\\}/g), function (match0, match1) {","                    // jslint-hack","                    String(match0);","                    switch (match1) {","                    case 'npm_package_description':","                        return 'the greatest app in the world!';","                    case 'npm_package_name':","                        return 'my-app';","                    case 'npm_package_nameAlias':","                        return 'my_app';","                    case 'npm_package_version':","                        return '0.0.1';","                    }","                });","        }","        // run the cli","        if (local.global.utility2_rollup || module !== require.main) {","            break;","        }","        local.assetsDict['/assets.example.js'] =","            local.assetsDict['/assets.example.js'] ||","            local.fs.readFileSync(__filename, 'utf8');","        // bug-workaround - long $npm_package_buildCustomOrg","        /* jslint-ignore-begin */","        local.assetsDict['/assets.npmtest_node_tweet_stream.rollup.js'] =","            local.assetsDict['/assets.npmtest_node_tweet_stream.rollup.js'] ||","            local.fs.readFileSync(","                local.npmtest_node_tweet_stream.__dirname + '/lib.npmtest_node_tweet_stream.js',","                'utf8'","            ).replace((/^#!/), '//');","        /* jslint-ignore-end */","        local.assetsDict['/favicon.ico'] = local.assetsDict['/favicon.ico'] || '';","        // if $npm_config_timeout_exit exists,","        // then exit this process after $npm_config_timeout_exit ms","        if (Number(process.env.npm_config_timeout_exit)) {","            setTimeout(process.exit, Number(process.env.npm_config_timeout_exit));","        }","        // start server","        if (local.global.utility2_serverHttp1) {","            break;","        }","        process.env.PORT = process.env.PORT || '8081';","        console.error('server starting on port ' + process.env.PORT);","        local.http.createServer(function (request, response) {","            request.urlParsed = local.url.parse(request.url);","            if (local.assetsDict[request.urlParsed.pathname] !== undefined) {","                response.end(local.assetsDict[request.urlParsed.pathname]);","                return;","            }","            response.statusCode = 404;","            response.end();","        }).listen(process.env.PORT);","        break;","    }","}());",""],"l":{"26":2,"28":2,"33":2,"35":2,"37":2,"38":2,"39":2,"44":1,"51":2,"55":2,"59":2,"61":2,"69":1,"70":2,"76":2,"79":2,"82":2,"83":2,"85":1,"89":2,"92":1,"93":1,"94":1,"96":1,"97":1,"100":1,"101":1,"103":1,"106":1,"108":2,"114":1,"116":1,"118":1,"123":1,"124":2,"125":2,"126":3,"127":3,"128":3,"129":3,"130":1,"133":3,"134":3,"139":3,"143":1,"144":3,"145":1,"149":1,"150":1,"158":1,"160":1,"161":1,"162":1,"164":1,"166":1,"258":1,"259":1,"271":1,"274":6,"275":6,"277":1,"279":2,"281":1,"283":2,"288":1,"289":1,"291":1,"296":1,"303":1,"306":1,"307":1,"310":1,"311":1,"313":1,"314":1,"315":1,"316":1,"317":1,"318":1,"319":1,"321":1,"322":1,"324":1}},"/home/travis/build/npmtest/node-npmtest-node-tweet-stream/node_modules/node-tweet-stream/index.js":{"path":"/home/travis/build/npmtest/node-npmtest-node-tweet-stream/node_modules/node-tweet-stream/index.js","s":{"1":1},"b":{},"f":{},"fnMap":{},"statementMap":{"1":{"start":{"line":1,"column":0},"end":{"line":1,"column":41}}},"branchMap":{},"code":["module.exports = require('./lib/twitter')",""],"l":{"1":1}},"/home/travis/build/npmtest/node-npmtest-node-tweet-stream/node_modules/node-tweet-stream/lib/twitter.js":{"path":"/home/travis/build/npmtest/node-npmtest-node-tweet-stream/node_modules/node-tweet-stream/lib/twitter.js","s":{"1":1,"2":1,"3":0,"4":0,"5":0,"6":0,"7":0,"8":1,"9":1,"10":0,"11":0,"12":0,"13":0,"14":0,"15":0,"16":0,"17":0,"18":1,"19":1,"20":1,"21":1,"22":0,"23":0,"24":0,"25":0,"26":0,"27":0,"28":1,"29":0,"30":0,"31":0,"32":0,"33":0,"34":0,"35":0,"36":0,"37":0,"38":0,"39":0,"40":0,"41":1,"42":0,"43":1,"44":0,"45":1,"46":0,"47":1,"48":0,"49":1,"50":0,"51":1,"52":0,"53":1,"54":0,"55":1,"56":0,"57":1,"58":0,"59":1,"60":0,"61":0,"62":0,"63":0,"64":1,"65":0,"66":0,"67":0,"68":0,"69":0,"70":0,"71":0,"72":0,"73":0,"74":0,"75":0,"76":0,"77":0,"78":0,"79":0,"80":0,"81":0,"82":1,"83":0,"84":0,"85":0,"86":0,"87":0,"88":0,"89":0,"90":0,"91":1,"92":0,"93":0,"94":0,"95":0,"96":0,"97":0,"98":0,"99":1,"100":0,"101":1,"102":0,"103":1,"104":0,"105":1,"106":0,"107":1,"108":0,"109":1,"110":0,"111":1,"112":1,"113":0,"114":0,"115":0,"116":0,"117":0,"118":0,"119":0,"120":0,"121":0,"122":0,"123":0,"124":0,"125":0,"126":0,"127":0,"128":0,"129":0,"130":0,"131":0,"132":0,"133":0,"134":0,"135":0,"136":0,"137":0,"138":0,"139":0,"140":0,"141":0,"142":0,"143":0,"144":0,"145":0,"146":0,"147":0,"148":0,"149":0,"150":0,"151":0,"152":0,"153":0,"154":0,"155":1,"156":0,"157":0,"158":0,"159":0,"160":0,"161":0,"162":1},"b":{"1":[0,0],"2":[0,0],"3":[0,0],"4":[0,0,0,0,0],"5":[0,0],"6":[0,0],"7":[0,0],"8":[0,0],"9":[0,0],"10":[0,0],"11":[0,0],"12":[0,0],"13":[0,0],"14":[0,0],"15":[0,0],"16":[0,0],"17":[0,0],"18":[0,0],"19":[0,0],"20":[0,0],"21":[0,0],"22":[0,0],"23":[0,0],"24":[0,0],"25":[0,0],"26":[0,0],"27":[0,0,0,0],"28":[0,0],"29":[0,0],"30":[0,0],"31":[0,0],"32":[0,0],"33":[0,0],"34":[0,0]},"f":{"1":0,"2":0,"3":0,"4":0,"5":0,"6":0,"7":0,"8":0,"9":0,"10":0,"11":0,"12":0,"13":0,"14":0,"15":0,"16":0,"17":0,"18":0,"19":0,"20":0,"21":0,"22":0,"23":0,"24":0,"25":0,"26":0,"27":0,"28":0,"29":0,"30":0,"31":0,"32":0,"33":0,"34":0,"35":0,"36":0,"37":0,"38":0},"fnMap":{"1":{"name":"backoff","line":6,"loc":{"start":{"line":6,"column":0},"end":{"line":6,"column":46}}},"2":{"name":"(anonymous_2)","line":7,"loc":{"start":{"line":7,"column":9},"end":{"line":7,"column":21}}},"3":{"name":"(anonymous_3)","line":22,"loc":{"start":{"line":22,"column":14},"end":{"line":22,"column":31}}},"4":{"name":"(anonymous_4)","line":53,"loc":{"start":{"line":53,"column":29},"end":{"line":53,"column":41}}},"5":{"name":"(anonymous_5)","line":55,"loc":{"start":{"line":55,"column":46},"end":{"line":55,"column":59}}},"6":{"name":"(anonymous_6)","line":57,"loc":{"start":{"line":57,"column":51},"end":{"line":57,"column":64}}},"7":{"name":"(anonymous_7)","line":59,"loc":{"start":{"line":59,"column":50},"end":{"line":59,"column":63}}},"8":{"name":"(anonymous_8)","line":62,"loc":{"start":{"line":62,"column":30},"end":{"line":62,"column":69}}},"9":{"name":"(anonymous_9)","line":70,"loc":{"start":{"line":70,"column":20},"end":{"line":70,"column":39}}},"10":{"name":"(anonymous_10)","line":85,"loc":{"start":{"line":85,"column":26},"end":{"line":85,"column":56}}},"11":{"name":"(anonymous_11)","line":89,"loc":{"start":{"line":89,"column":34},"end":{"line":89,"column":65}}},"12":{"name":"(anonymous_12)","line":93,"loc":{"start":{"line":93,"column":29},"end":{"line":93,"column":60}}},"13":{"name":"(anonymous_13)","line":97,"loc":{"start":{"line":97,"column":27},"end":{"line":97,"column":56}}},"14":{"name":"(anonymous_14)","line":101,"loc":{"start":{"line":101,"column":29},"end":{"line":101,"column":56}}},"15":{"name":"(anonymous_15)","line":105,"loc":{"start":{"line":105,"column":29},"end":{"line":105,"column":41}}},"16":{"name":"(anonymous_16)","line":109,"loc":{"start":{"line":109,"column":30},"end":{"line":109,"column":42}}},"17":{"name":"(anonymous_17)","line":113,"loc":{"start":{"line":113,"column":30},"end":{"line":113,"column":42}}},"18":{"name":"(anonymous_18)","line":117,"loc":{"start":{"line":117,"column":30},"end":{"line":117,"column":42}}},"19":{"name":"(anonymous_19)","line":121,"loc":{"start":{"line":121,"column":30},"end":{"line":121,"column":42}}},"20":{"name":"(anonymous_20)","line":130,"loc":{"start":{"line":130,"column":27},"end":{"line":130,"column":59}}},"21":{"name":"(anonymous_21)","line":151,"loc":{"start":{"line":151,"column":33},"end":{"line":151,"column":71}}},"22":{"name":"(anonymous_22)","line":166,"loc":{"start":{"line":166,"column":37},"end":{"line":166,"column":66}}},"23":{"name":"(anonymous_23)","line":179,"loc":{"start":{"line":179,"column":28},"end":{"line":179,"column":58}}},"24":{"name":"(anonymous_24)","line":183,"loc":{"start":{"line":183,"column":31},"end":{"line":183,"column":52}}},"25":{"name":"(anonymous_25)","line":187,"loc":{"start":{"line":187,"column":29},"end":{"line":187,"column":60}}},"26":{"name":"(anonymous_26)","line":191,"loc":{"start":{"line":191,"column":29},"end":{"line":191,"column":58}}},"27":{"name":"(anonymous_27)","line":195,"loc":{"start":{"line":195,"column":31},"end":{"line":195,"column":62}}},"28":{"name":"(anonymous_28)","line":199,"loc":{"start":{"line":199,"column":31},"end":{"line":199,"column":43}}},"29":{"name":"(anonymous_29)","line":238,"loc":{"start":{"line":238,"column":28},"end":{"line":238,"column":40}}},"30":{"name":"(anonymous_30)","line":255,"loc":{"start":{"line":255,"column":21},"end":{"line":255,"column":36}}},"31":{"name":"(anonymous_31)","line":261,"loc":{"start":{"line":261,"column":30},"end":{"line":261,"column":45}}},"32":{"name":"(anonymous_32)","line":267,"loc":{"start":{"line":267,"column":17},"end":{"line":267,"column":29}}},"33":{"name":"(anonymous_33)","line":296,"loc":{"start":{"line":296,"column":30},"end":{"line":296,"column":43}}},"34":{"name":"(anonymous_34)","line":307,"loc":{"start":{"line":307,"column":17},"end":{"line":307,"column":29}}},"35":{"name":"(anonymous_35)","line":315,"loc":{"start":{"line":315,"column":19},"end":{"line":315,"column":31}}},"36":{"name":"(anonymous_36)","line":321,"loc":{"start":{"line":321,"column":27},"end":{"line":321,"column":42}}},"37":{"name":"(anonymous_37)","line":325,"loc":{"start":{"line":325,"column":15},"end":{"line":325,"column":27}}},"38":{"name":"(anonymous_38)","line":331,"loc":{"start":{"line":331,"column":26},"end":{"line":331,"column":38}}}},"statementMap":{"1":{"start":{"line":1,"column":0},"end":{"line":4,"column":26}},"2":{"start":{"line":6,"column":0},"end":{"line":15,"column":1}},"3":{"start":{"line":7,"column":2},"end":{"line":13,"column":3}},"4":{"start":{"line":8,"column":4},"end":{"line":10,"column":5}},"5":{"start":{"line":9,"column":6},"end":{"line":9,"column":52}},"6":{"start":{"line":11,"column":4},"end":{"line":11,"column":27}},"7":{"start":{"line":12,"column":4},"end":{"line":12,"column":17}},"8":{"start":{"line":17,"column":0},"end":{"line":20,"column":37}},"9":{"start":{"line":22,"column":0},"end":{"line":42,"column":1}},"10":{"start":{"line":23,"column":2},"end":{"line":25,"column":3}},"11":{"start":{"line":24,"column":4},"end":{"line":24,"column":29}},"12":{"start":{"line":27,"column":2},"end":{"line":29,"column":3}},"13":{"start":{"line":28,"column":4},"end":{"line":28,"column":49}},"14":{"start":{"line":30,"column":2},"end":{"line":30,"column":20}},"15":{"start":{"line":32,"column":2},"end":{"line":37,"column":3}},"16":{"start":{"line":39,"column":2},"end":{"line":39,"column":17}},"17":{"start":{"line":41,"column":2},"end":{"line":41,"column":41}},"18":{"start":{"line":44,"column":0},"end":{"line":44,"column":32}},"19":{"start":{"line":47,"column":0},"end":{"line":47,"column":84}},"20":{"start":{"line":49,"column":0},"end":{"line":49,"column":45}},"21":{"start":{"line":53,"column":0},"end":{"line":60,"column":1}},"22":{"start":{"line":55,"column":2},"end":{"line":55,"column":78}},"23":{"start":{"line":55,"column":61},"end":{"line":55,"column":76}},"24":{"start":{"line":57,"column":2},"end":{"line":57,"column":81}},"25":{"start":{"line":57,"column":66},"end":{"line":57,"column":79}},"26":{"start":{"line":59,"column":2},"end":{"line":59,"column":80}},"27":{"start":{"line":59,"column":65},"end":{"line":59,"column":78}},"28":{"start":{"line":62,"column":0},"end":{"line":83,"column":1}},"29":{"start":{"line":63,"column":2},"end":{"line":63,"column":59}},"30":{"start":{"line":65,"column":2},"end":{"line":67,"column":3}},"31":{"start":{"line":66,"column":4},"end":{"line":66,"column":25}},"32":{"start":{"line":69,"column":2},"end":{"line":69,"column":29}},"33":{"start":{"line":70,"column":2},"end":{"line":78,"column":16}},"34":{"start":{"line":71,"column":4},"end":{"line":77,"column":5}},"35":{"start":{"line":72,"column":6},"end":{"line":72,"column":38}},"36":{"start":{"line":74,"column":6},"end":{"line":74,"column":40}},"37":{"start":{"line":75,"column":6},"end":{"line":75,"column":23}},"38":{"start":{"line":76,"column":6},"end":{"line":76,"column":28}},"39":{"start":{"line":80,"column":2},"end":{"line":82,"column":3}},"40":{"start":{"line":81,"column":4},"end":{"line":81,"column":20}},"41":{"start":{"line":85,"column":0},"end":{"line":87,"column":1}},"42":{"start":{"line":86,"column":2},"end":{"line":86,"column":58}},"43":{"start":{"line":89,"column":0},"end":{"line":91,"column":1}},"44":{"start":{"line":90,"column":2},"end":{"line":90,"column":59}},"45":{"start":{"line":93,"column":0},"end":{"line":95,"column":1}},"46":{"start":{"line":94,"column":2},"end":{"line":94,"column":59}},"47":{"start":{"line":97,"column":0},"end":{"line":99,"column":1}},"48":{"start":{"line":98,"column":2},"end":{"line":98,"column":55}},"49":{"start":{"line":101,"column":0},"end":{"line":103,"column":1}},"50":{"start":{"line":102,"column":2},"end":{"line":102,"column":55}},"51":{"start":{"line":105,"column":0},"end":{"line":107,"column":1}},"52":{"start":{"line":106,"column":2},"end":{"line":106,"column":57}},"53":{"start":{"line":109,"column":0},"end":{"line":111,"column":1}},"54":{"start":{"line":110,"column":2},"end":{"line":110,"column":57}},"55":{"start":{"line":113,"column":0},"end":{"line":115,"column":1}},"56":{"start":{"line":114,"column":2},"end":{"line":114,"column":56}},"57":{"start":{"line":117,"column":0},"end":{"line":119,"column":1}},"58":{"start":{"line":118,"column":2},"end":{"line":118,"column":58}},"59":{"start":{"line":121,"column":0},"end":{"line":128,"column":1}},"60":{"start":{"line":122,"column":2},"end":{"line":127,"column":3}},"61":{"start":{"line":123,"column":4},"end":{"line":125,"column":5}},"62":{"start":{"line":124,"column":6},"end":{"line":124,"column":18}},"63":{"start":{"line":126,"column":4},"end":{"line":126,"column":18}},"64":{"start":{"line":130,"column":0},"end":{"line":149,"column":1}},"65":{"start":{"line":131,"column":2},"end":{"line":147,"column":3}},"66":{"start":{"line":132,"column":4},"end":{"line":132,"column":28}},"67":{"start":{"line":133,"column":9},"end":{"line":147,"column":3}},"68":{"start":{"line":134,"column":4},"end":{"line":134,"column":36}},"69":{"start":{"line":135,"column":9},"end":{"line":147,"column":3}},"70":{"start":{"line":136,"column":4},"end":{"line":136,"column":42}},"71":{"start":{"line":137,"column":9},"end":{"line":147,"column":3}},"72":{"start":{"line":138,"column":4},"end":{"line":138,"column":34}},"73":{"start":{"line":139,"column":9},"end":{"line":147,"column":3}},"74":{"start":{"line":140,"column":4},"end":{"line":140,"column":54}},"75":{"start":{"line":141,"column":9},"end":{"line":147,"column":3}},"76":{"start":{"line":142,"column":4},"end":{"line":142,"column":50}},"77":{"start":{"line":143,"column":9},"end":{"line":147,"column":3}},"78":{"start":{"line":144,"column":4},"end":{"line":144,"column":44}},"79":{"start":{"line":145,"column":9},"end":{"line":147,"column":3}},"80":{"start":{"line":146,"column":4},"end":{"line":146,"column":38}},"81":{"start":{"line":148,"column":2},"end":{"line":148,"column":8}},"82":{"start":{"line":151,"column":0},"end":{"line":164,"column":1}},"83":{"start":{"line":152,"column":2},"end":{"line":152,"column":59}},"84":{"start":{"line":154,"column":2},"end":{"line":156,"column":3}},"85":{"start":{"line":155,"column":4},"end":{"line":155,"column":10}},"86":{"start":{"line":157,"column":2},"end":{"line":163,"column":3}},"87":{"start":{"line":158,"column":4},"end":{"line":158,"column":41}},"88":{"start":{"line":159,"column":4},"end":{"line":159,"column":21}},"89":{"start":{"line":160,"column":4},"end":{"line":162,"column":5}},"90":{"start":{"line":161,"column":6},"end":{"line":161,"column":22}},"91":{"start":{"line":166,"column":0},"end":{"line":177,"column":1}},"92":{"start":{"line":167,"column":2},"end":{"line":167,"column":59}},"93":{"start":{"line":169,"column":2},"end":{"line":171,"column":3}},"94":{"start":{"line":170,"column":4},"end":{"line":170,"column":10}},"95":{"start":{"line":172,"column":2},"end":{"line":172,"column":29}},"96":{"start":{"line":173,"column":2},"end":{"line":173,"column":19}},"97":{"start":{"line":174,"column":2},"end":{"line":176,"column":3}},"98":{"start":{"line":175,"column":4},"end":{"line":175,"column":20}},"99":{"start":{"line":179,"column":0},"end":{"line":181,"column":1}},"100":{"start":{"line":180,"column":2},"end":{"line":180,"column":61}},"101":{"start":{"line":183,"column":0},"end":{"line":185,"column":1}},"102":{"start":{"line":184,"column":2},"end":{"line":184,"column":56}},"103":{"start":{"line":187,"column":0},"end":{"line":189,"column":1}},"104":{"start":{"line":188,"column":2},"end":{"line":188,"column":62}},"105":{"start":{"line":191,"column":0},"end":{"line":193,"column":1}},"106":{"start":{"line":192,"column":2},"end":{"line":192,"column":58}},"107":{"start":{"line":195,"column":0},"end":{"line":197,"column":1}},"108":{"start":{"line":196,"column":2},"end":{"line":196,"column":62}},"109":{"start":{"line":199,"column":0},"end":{"line":201,"column":1}},"110":{"start":{"line":200,"column":2},"end":{"line":200,"column":128}},"111":{"start":{"line":203,"column":0},"end":{"line":236,"column":1}},"112":{"start":{"line":238,"column":0},"end":{"line":329,"column":1}},"113":{"start":{"line":239,"column":2},"end":{"line":239,"column":20}},"114":{"start":{"line":240,"column":2},"end":{"line":242,"column":3}},"115":{"start":{"line":241,"column":4},"end":{"line":241,"column":10}},"116":{"start":{"line":244,"column":2},"end":{"line":253,"column":4}},"117":{"start":{"line":255,"column":2},"end":{"line":259,"column":4}},"118":{"start":{"line":256,"column":4},"end":{"line":256,"column":75}},"119":{"start":{"line":257,"column":4},"end":{"line":257,"column":63}},"120":{"start":{"line":258,"column":4},"end":{"line":258,"column":124}},"121":{"start":{"line":261,"column":2},"end":{"line":319,"column":16}},"122":{"start":{"line":262,"column":4},"end":{"line":262,"column":19}},"123":{"start":{"line":264,"column":4},"end":{"line":276,"column":5}},"124":{"start":{"line":265,"column":6},"end":{"line":265,"column":85}},"125":{"start":{"line":266,"column":6},"end":{"line":266,"column":18}},"126":{"start":{"line":267,"column":6},"end":{"line":269,"column":17}},"127":{"start":{"line":268,"column":8},"end":{"line":268,"column":22}},"128":{"start":{"line":271,"column":6},"end":{"line":274,"column":8}},"129":{"start":{"line":275,"column":6},"end":{"line":275,"column":12}},"130":{"start":{"line":279,"column":4},"end":{"line":289,"column":5}},"131":{"start":{"line":280,"column":6},"end":{"line":280,"column":18}},"132":{"start":{"line":282,"column":6},"end":{"line":287,"column":8}},"133":{"start":{"line":288,"column":6},"end":{"line":288,"column":12}},"134":{"start":{"line":292,"column":4},"end":{"line":292,"column":19}},"135":{"start":{"line":294,"column":4},"end":{"line":294,"column":24}},"136":{"start":{"line":296,"column":4},"end":{"line":300,"column":6}},"137":{"start":{"line":297,"column":6},"end":{"line":299,"column":20}},"138":{"start":{"line":298,"column":8},"end":{"line":298,"column":28}},"139":{"start":{"line":302,"column":4},"end":{"line":302,"column":53}},"140":{"start":{"line":303,"column":4},"end":{"line":303,"column":26}},"141":{"start":{"line":307,"column":4},"end":{"line":311,"column":17}},"142":{"start":{"line":308,"column":6},"end":{"line":308,"column":18}},"143":{"start":{"line":309,"column":6},"end":{"line":309,"column":47}},"144":{"start":{"line":310,"column":6},"end":{"line":310,"column":45}},"145":{"start":{"line":313,"column":4},"end":{"line":313,"column":58}},"146":{"start":{"line":315,"column":4},"end":{"line":318,"column":6}},"147":{"start":{"line":316,"column":6},"end":{"line":316,"column":32}},"148":{"start":{"line":317,"column":6},"end":{"line":317,"column":60}},"149":{"start":{"line":321,"column":2},"end":{"line":328,"column":16}},"150":{"start":{"line":322,"column":4},"end":{"line":322,"column":19}},"151":{"start":{"line":323,"column":4},"end":{"line":323,"column":16}},"152":{"start":{"line":324,"column":4},"end":{"line":324,"column":55}},"153":{"start":{"line":325,"column":4},"end":{"line":327,"column":29}},"154":{"start":{"line":326,"column":6},"end":{"line":326,"column":20}},"155":{"start":{"line":331,"column":0},"end":{"line":341,"column":1}},"156":{"start":{"line":332,"column":2},"end":{"line":334,"column":3}},"157":{"start":{"line":333,"column":4},"end":{"line":333,"column":25}},"158":{"start":{"line":335,"column":2},"end":{"line":335,"column":28}},"159":{"start":{"line":336,"column":2},"end":{"line":338,"column":3}},"160":{"start":{"line":337,"column":4},"end":{"line":337,"column":23}},"161":{"start":{"line":340,"column":2},"end":{"line":340,"column":20}},"162":{"start":{"line":343,"column":0},"end":{"line":343,"column":24}}},"branchMap":{"1":{"line":8,"type":"if","locations":[{"start":{"line":8,"column":4},"end":{"line":8,"column":4}},{"start":{"line":8,"column":4},"end":{"line":8,"column":4}}]},"2":{"line":23,"type":"if","locations":[{"start":{"line":23,"column":2},"end":{"line":23,"column":2}},{"start":{"line":23,"column":2},"end":{"line":23,"column":2}}]},"3":{"line":27,"type":"if","locations":[{"start":{"line":27,"column":2},"end":{"line":27,"column":2}},{"start":{"line":27,"column":2},"end":{"line":27,"column":2}}]},"4":{"line":27,"type":"binary-expr","locations":[{"start":{"line":27,"column":6},"end":{"line":27,"column":12}},{"start":{"line":27,"column":16},"end":{"line":27,"column":38}},{"start":{"line":27,"column":42},"end":{"line":27,"column":61}},{"start":{"line":27,"column":65},"end":{"line":27,"column":77}},{"start":{"line":27,"column":81},"end":{"line":27,"column":100}}]},"5":{"line":63,"type":"binary-expr","locations":[{"start":{"line":63,"column":14},"end":{"line":63,"column":46}},{"start":{"line":63,"column":50},"end":{"line":63,"column":59}}]},"6":{"line":65,"type":"if","locations":[{"start":{"line":65,"column":2},"end":{"line":65,"column":2}},{"start":{"line":65,"column":2},"end":{"line":65,"column":2}}]},"7":{"line":71,"type":"if","locations":[{"start":{"line":71,"column":4},"end":{"line":71,"column":4}},{"start":{"line":71,"column":4},"end":{"line":71,"column":4}}]},"8":{"line":80,"type":"if","locations":[{"start":{"line":80,"column":2},"end":{"line":80,"column":2}},{"start":{"line":80,"column":2},"end":{"line":80,"column":2}}]},"9":{"line":80,"type":"binary-expr","locations":[{"start":{"line":80,"column":6},"end":{"line":80,"column":15}},{"start":{"line":80,"column":19},"end":{"line":80,"column":34}}]},"10":{"line":122,"type":"if","locations":[{"start":{"line":122,"column":2},"end":{"line":122,"column":2}},{"start":{"line":122,"column":2},"end":{"line":122,"column":2}}]},"11":{"line":123,"type":"if","locations":[{"start":{"line":123,"column":4},"end":{"line":123,"column":4}},{"start":{"line":123,"column":4},"end":{"line":123,"column":4}}]},"12":{"line":131,"type":"if","locations":[{"start":{"line":131,"column":2},"end":{"line":131,"column":2}},{"start":{"line":131,"column":2},"end":{"line":131,"column":2}}]},"13":{"line":133,"type":"if","locations":[{"start":{"line":133,"column":9},"end":{"line":133,"column":9}},{"start":{"line":133,"column":9},"end":{"line":133,"column":9}}]},"14":{"line":135,"type":"if","locations":[{"start":{"line":135,"column":9},"end":{"line":135,"column":9}},{"start":{"line":135,"column":9},"end":{"line":135,"column":9}}]},"15":{"line":137,"type":"if","locations":[{"start":{"line":137,"column":9},"end":{"line":137,"column":9}},{"start":{"line":137,"column":9},"end":{"line":137,"column":9}}]},"16":{"line":139,"type":"if","locations":[{"start":{"line":139,"column":9},"end":{"line":139,"column":9}},{"start":{"line":139,"column":9},"end":{"line":139,"column":9}}]},"17":{"line":141,"type":"if","locations":[{"start":{"line":141,"column":9},"end":{"line":141,"column":9}},{"start":{"line":141,"column":9},"end":{"line":141,"column":9}}]},"18":{"line":143,"type":"if","locations":[{"start":{"line":143,"column":9},"end":{"line":143,"column":9}},{"start":{"line":143,"column":9},"end":{"line":143,"column":9}}]},"19":{"line":145,"type":"if","locations":[{"start":{"line":145,"column":9},"end":{"line":145,"column":9}},{"start":{"line":145,"column":9},"end":{"line":145,"column":9}}]},"20":{"line":152,"type":"binary-expr","locations":[{"start":{"line":152,"column":14},"end":{"line":152,"column":46}},{"start":{"line":152,"column":50},"end":{"line":152,"column":59}}]},"21":{"line":154,"type":"if","locations":[{"start":{"line":154,"column":2},"end":{"line":154,"column":2}},{"start":{"line":154,"column":2},"end":{"line":154,"column":2}}]},"22":{"line":157,"type":"if","locations":[{"start":{"line":157,"column":2},"end":{"line":157,"column":2}},{"start":{"line":157,"column":2},"end":{"line":157,"column":2}}]},"23":{"line":160,"type":"if","locations":[{"start":{"line":160,"column":4},"end":{"line":160,"column":4}},{"start":{"line":160,"column":4},"end":{"line":160,"column":4}}]},"24":{"line":167,"type":"binary-expr","locations":[{"start":{"line":167,"column":14},"end":{"line":167,"column":46}},{"start":{"line":167,"column":50},"end":{"line":167,"column":59}}]},"25":{"line":169,"type":"if","locations":[{"start":{"line":169,"column":2},"end":{"line":169,"column":2}},{"start":{"line":169,"column":2},"end":{"line":169,"column":2}}]},"26":{"line":174,"type":"if","locations":[{"start":{"line":174,"column":2},"end":{"line":174,"column":2}},{"start":{"line":174,"column":2},"end":{"line":174,"column":2}}]},"27":{"line":200,"type":"binary-expr","locations":[{"start":{"line":200,"column":9},"end":{"line":200,"column":35}},{"start":{"line":200,"column":39},"end":{"line":200,"column":66}},{"start":{"line":200,"column":70},"end":{"line":200,"column":97}},{"start":{"line":200,"column":101},"end":{"line":200,"column":128}}]},"28":{"line":240,"type":"if","locations":[{"start":{"line":240,"column":2},"end":{"line":240,"column":2}},{"start":{"line":240,"column":2},"end":{"line":240,"column":2}}]},"29":{"line":264,"type":"if","locations":[{"start":{"line":264,"column":4},"end":{"line":264,"column":4}},{"start":{"line":264,"column":4},"end":{"line":264,"column":4}}]},"30":{"line":264,"type":"binary-expr","locations":[{"start":{"line":264,"column":8},"end":{"line":264,"column":30}},{"start":{"line":264,"column":34},"end":{"line":264,"column":56}}]},"31":{"line":265,"type":"cond-expr","locations":[{"start":{"line":265,"column":45},"end":{"line":265,"column":63}},{"start":{"line":265,"column":66},"end":{"line":265,"column":84}}]},"32":{"line":279,"type":"if","locations":[{"start":{"line":279,"column":4},"end":{"line":279,"column":4}},{"start":{"line":279,"column":4},"end":{"line":279,"column":4}}]},"33":{"line":332,"type":"if","locations":[{"start":{"line":332,"column":2},"end":{"line":332,"column":2}},{"start":{"line":332,"column":2},"end":{"line":332,"column":2}}]},"34":{"line":336,"type":"if","locations":[{"start":{"line":336,"column":2},"end":{"line":336,"column":2}},{"start":{"line":336,"column":2},"end":{"line":336,"column":2}}]}},"code":["var request = require('request')","  , split = require('split')","  , Writable = require('stream').Writable","  , util = require('util')","","function backoff (current, max, step, _value) {","  return function () {","    if ((_value = current) > max) {","      throw new Error('Exceeded twitter rate limit')","    }","    current = step(current)","    return _value","  }","","}","","var FILTER_TYPE_TRACKING = 'tracking'","  , FILTER_TYPE_LOCATION = 'location'","  , FILTER_TYPE_FOLLOW = 'follow'","  , FILTER_TYPE_LANGUAGE = 'language'","","var Twitter = function (oauth) {","  if(!(this instanceof Twitter)) {","    return new Twitter(oauth)","  }","","  if (!oauth || !oauth.consumer_secret || !oauth.consumer_key || !oauth.token || !oauth.token_secret) {","    throw new Error('Oauth credentials required')","  }","  this.oauth = oauth","","  this._filters = {","    tracking: {},","    location: {},","    follow: {},","    language: {}","  }","","  this.backoffs()","","  Writable.call(this, {objectMode: true})","}","","util.inherits(Twitter, Writable)","","// Here so we can easily test this","Twitter.prototype.twitterUrl = 'https://stream.twitter.com/1.1/statuses/filter.json'","","Twitter.prototype.timeoutInterval = 1000 * 90 // default twitter timeout is 90 seconds","","// Backup strategies based off twitter's guidelines","//    See https://dev.twitter.com/docs/streaming-apis/connecting#Reconnecting","Twitter.prototype.backoffs = function () {","  // Network hiccup, try every 250 seconds","  this.networkBackoff = backoff(0, 16 * 1000, function (x) { return x + 250 })","  // Rate limited. Try exponetially starting at 5 seconds","  this.httpBackoff = backoff(5 * 1000, 320 * 1000, function (x) { return x * 2 })","  // Rate limited. Try exponetially starting at a minute","  this.rateBackoff = backoff(60 * 1000, Infinity, function (x) { return x * 2 })","}","","Twitter.prototype.addFilter = function (filter, keywords, reconnect) {","  reconnect = typeof reconnect === 'undefined' || reconnect","","  if (!Array.isArray(keywords)) {","    keywords = [keywords]","  }","","  var addedNewKeyword = false","  keywords.forEach((function (keyword) {","    if (this._filters[filter][keyword]) {","      this._filters[filter][keyword]++","    } else {","      this._filters[filter][keyword] = 1","      this.stale = true","      addedNewKeyword = true","    }","  }).bind(this))","","  if (reconnect && addedNewKeyword) {","    this.reconnect()","  }","}","","Twitter.prototype.track = function (keyword, reconnect) {","  this.addFilter(FILTER_TYPE_TRACKING, keyword, reconnect)","}","","Twitter.prototype.trackMultiple = function (keywords, reconnect) {","  this.addFilter(FILTER_TYPE_TRACKING, keywords, reconnect)","}","","Twitter.prototype.location = function (location, reconnect) {","  this.addFilter(FILTER_TYPE_LOCATION, location, reconnect)","}","","Twitter.prototype.follow = function (follow, reconnect) {","  this.addFilter(FILTER_TYPE_FOLLOW, follow, reconnect)","}","","Twitter.prototype.language = function (lang, reconnect) {","  this.addFilter(FILTER_TYPE_LANGUAGE, lang, reconnect)","}","","Twitter.prototype.tracking = function () {","  return Object.keys(this._filters[FILTER_TYPE_TRACKING])","}","","Twitter.prototype.locations = function () {","  return Object.keys(this._filters[FILTER_TYPE_LOCATION])","}","","Twitter.prototype.following = function () {","  return Object.keys(this._filters[FILTER_TYPE_FOLLOW]);","}","","Twitter.prototype.languages = function () {","  return Object.keys(this._filters[FILTER_TYPE_LANGUAGE]);","}","","Twitter.prototype.reconnect = function () {","  if (this.stale) {","    if (this.stream) {","      this.abort()","    }","    this.connect()","  }","}","","Twitter.prototype._write = function (data, encoding, done) {","  if (data.text) {","    this.emit('tweet', data)","  } else if (data.delete) {","    this.emit('delete', data.delete)","  } else if (data.scrub_geo) {","    this.emit('scrub_geo', data.scrub_geo)","  } else if (data.limit) {","    this.emit('limit', data.limit)","  } else if (data.status_withheld) {","    this.emit('status_withheld', data.status_withheld)","  } else if (data.user_withheld) {","    this.emit('user_withheld', data.user_withheld)","  } else if (data.disconnect) {","    this.emit('disconnect', data.disconnect)","  } else if (data.warning) {","    this.emit('warning', data.warning)","  }","  done()","}","","Twitter.prototype.removeFilter = function (filter, keyword, reconnect) {","  reconnect = typeof reconnect === 'undefined' || reconnect","","  if (typeof this._filters[filter][keyword] === 'undefined') {","    return","  }","  if (--this._filters[filter][keyword] === 0) {","    delete this._filters[filter][keyword]","    this.stale = true","    if (reconnect) {","      this.reconnect()","    }","  }","}","","Twitter.prototype.removeAllFilters = function (filter, reconnect) {","  reconnect = typeof reconnect === 'undefined' || reconnect","","  if (typeof this._filters[filter] === 'undefined') {","    return","  }","  this._filters[filter] = {};","  this.stale = true","  if (reconnect) {","    this.reconnect()","  }","}","","Twitter.prototype.untrack = function (keyword, reconnect) {","  this.removeFilter(FILTER_TYPE_TRACKING, keyword, reconnect)","}","","Twitter.prototype.untrackAll = function (reconnect) {","  this.removeAllFilters(FILTER_TYPE_TRACKING, reconnect)","}","","Twitter.prototype.unlocate = function (location, reconnect) {","  this.removeFilter(FILTER_TYPE_LOCATION, location, reconnect)","}","","Twitter.prototype.unfollow = function (follow, reconnect) {","  this.removeFilter(FILTER_TYPE_FOLLOW, follow, reconnect)","}","","Twitter.prototype.unlanguage = function (language, reconnect) {","  this.removeFilter(FILTER_TYPE_LANGUAGE, language, reconnect)","}","","Twitter.prototype.hasFilters = function () {","  return this.tracking().length > 0 || this.locations().length > 0 || this.following().length > 0 || this.languages().length > 0","}","","Twitter.prototype.errorExplanation = {","  401: {","    type: 'unauthorized',","    long: 'HTTP authentication failed.'","  },","  403: {","    type: 'forbidden',","    long: 'The connecting account is not permitted to access this endpoint.'","  },","  404: {","    type: 'not-found',","    long: 'There is nothing at this URL.'","  },","  406: {","    type: 'not-acceptable',","    long: 'At least one request parameter is invalid.'","  },","  413: {","    type: 'too-long',","    long: 'A parameter list is too long.'","  },","  416: {","    type: 'range-unacceptable',","    long: 'Returned if user does not have access to use the count parameter or a count parameter is outside of the max/min allowable values.'","  },","  420: {","    type: 'rate-limit',","    long: 'The client has connected too frequently.'","  },","  503: {","    type: 'service-unavailable',","    long: 'A streaming server is temporarily overloaded.'","  }","}","","Twitter.prototype.connect = function () {","  this.stale = false","  if (!this.hasFilters()) {","    return","  }","","  this.stream = request.post({","    url: this.twitterUrl,","    oauth: this.oauth,","    form: {","      track: Object.keys(this._filters[FILTER_TYPE_TRACKING]).join(','),","      locations: Object.keys(this._filters[FILTER_TYPE_LOCATION]).join(','),","      follow: Object.keys(this._filters[FILTER_TYPE_FOLLOW]).join(','),","      language: Object.keys(this._filters[FILTER_TYPE_LANGUAGE]).join(',')","    }","  })","","  this.once('error', function (err) {","    console.log('Encountered an unrecoverable error, the stream is abort.')","    console.log('  Reason: [', err.code, ']', err.explain.long)","    console.log('  Please refer to https://dev.twitter.com/streaming/overview/connecting to debug your request parameters.')","  })","","  this.stream.on('response', (function (res) {","    var self = this","    // Rate limited or temporarily unavailable","    if (res.statusCode === 420 || res.statusCode === 503) {","      var backoff = res.statusCode === 420 ? this.rateBackoff() : this.httpBackoff();","      this.abort()","      setTimeout(function () {","        self.connect()","      }, backoff)","","      this.emit('reconnect', {","        type: this.errorExplanation[res.statusCode].type,","        explain: this.errorExplanation[res.statusCode]","      })","      return","    }","","    // Http error","    if (res.statusCode > 200) {","      this.abort()","","      this.emit('error', {","        type: 'http',","        err: new Error('Twitter connection error ' + res.statusCode),","        code: res.statusCode,","        explain: this.errorExplanation[res.statusCode]","      })","      return","    }","","    // 200. Alive and well.","    this.backoffs()","","    this.emit('connect')","","    this.parser = split(null, function (d) {","      try {","        return JSON.parse(d)","      } catch (e) {}","    })","","    this.parser = res.pipe(this.parser, {end: false})","    this.parser.pipe(this)","","    // Handle this: https://dev.twitter.com/docs/streaming-apis/connecting#Stalls","    // Abort the connection and reconnect if we haven't received an update for 90 seconds","    var close = (function () {","      this.abort()","      process.nextTick(this.connect.bind(this))","      this.emit('reconnect', {type: 'stall'})","    }).bind(this)","","    this.timeout = setTimeout(close, this.timeoutInterval)","","    res.on('data', function () {","      clearTimeout(self.timeout)","      self.timeout = setTimeout(close, self.timeoutInterval)","    })","  }).bind(this))","","  this.stream.on('error', (function (err) {","    var self = this","    this.abort()","    this.emit('reconnect', {type: 'network', err: err})","    setTimeout(function () {","      self.connect()","    }, this.networkBackoff())","  }).bind(this))","}","","Twitter.prototype.abort = function () {","  if (this.parser) {","    this.parser.destroy()","  }","  clearTimeout(this.timeout)","  if (this.stream) {","    this.stream.abort()","  }","","  this.stream = null","}","","module.exports = Twitter",""],"l":{"1":1,"6":1,"7":0,"8":0,"9":0,"11":0,"12":0,"17":1,"22":1,"23":0,"24":0,"27":0,"28":0,"30":0,"32":0,"39":0,"41":0,"44":1,"47":1,"49":1,"53":1,"55":0,"57":0,"59":0,"62":1,"63":0,"65":0,"66":0,"69":0,"70":0,"71":0,"72":0,"74":0,"75":0,"76":0,"80":0,"81":0,"85":1,"86":0,"89":1,"90":0,"93":1,"94":0,"97":1,"98":0,"101":1,"102":0,"105":1,"106":0,"109":1,"110":0,"113":1,"114":0,"117":1,"118":0,"121":1,"122":0,"123":0,"124":0,"126":0,"130":1,"131":0,"132":0,"133":0,"134":0,"135":0,"136":0,"137":0,"138":0,"139":0,"140":0,"141":0,"142":0,"143":0,"144":0,"145":0,"146":0,"148":0,"151":1,"152":0,"154":0,"155":0,"157":0,"158":0,"159":0,"160":0,"161":0,"166":1,"167":0,"169":0,"170":0,"172":0,"173":0,"174":0,"175":0,"179":1,"180":0,"183":1,"184":0,"187":1,"188":0,"191":1,"192":0,"195":1,"196":0,"199":1,"200":0,"203":1,"238":1,"239":0,"240":0,"241":0,"244":0,"255":0,"256":0,"257":0,"258":0,"261":0,"262":0,"264":0,"265":0,"266":0,"267":0,"268":0,"271":0,"275":0,"279":0,"280":0,"282":0,"288":0,"292":0,"294":0,"296":0,"297":0,"298":0,"302":0,"303":0,"307":0,"308":0,"309":0,"310":0,"313":0,"315":0,"316":0,"317":0,"321":0,"322":0,"323":0,"324":0,"325":0,"326":0,"331":1,"332":0,"333":0,"335":0,"336":0,"337":0,"340":0,"343":1}}}